{
        "timestamp":"2025-08-27T13:27:53+00:00",
        "remote_addr":"192.168.65.1",
        "remote_user":"",
        "request":"GET /?ide_webview_request_time=1756301273084 HTTP/1.1",
        "status":502,
        "body_bytes_sent":559,
        "http_referer":"",
        "http_user_agent":"Mozilla/5.0 (Macintosh; Intel Mac OS X 10_15_7) AppleWebKit/537.36 (KHTML, like Gecko) Trae/1.100.3 Chrome/132.0.6834.210 Electron/34.5.1 Safari/537.36",
        "http_x_forwarded_for":"",
        "request_time":0.004,
        "upstream_connect_time":"-",
        "upstream_header_time":"-",
        "upstream_response_time":"0.004",
        "upstream_addr":"172.20.0.7:3000",
        "jwt_user_id":"",
        "jwt_school_id":"",
        "request_id":"2a3d056bc6c0db88e9ba15d899739222"
    }
{
        "timestamp":"2025-08-27T13:27:53+00:00",
        "remote_addr":"192.168.65.1",
        "remote_user":"",
        "request":"GET /@vite/client HTTP/1.1",
        "status":502,
        "body_bytes_sent":559,
        "http_referer":"http://localhost:8000/?ide_webview_request_time=1756301273084",
        "http_user_agent":"Mozilla/5.0 (Macintosh; Intel Mac OS X 10_15_7) AppleWebKit/537.36 (KHTML, like Gecko) Trae/1.100.3 Chrome/132.0.6834.210 Electron/34.5.1 Safari/537.36",
        "http_x_forwarded_for":"",
        "request_time":0.000,
        "upstream_connect_time":"-",
        "upstream_header_time":"-",
        "upstream_response_time":"0.000",
        "upstream_addr":"172.20.0.7:3000",
        "jwt_user_id":"",
        "jwt_school_id":"",
        "request_id":"93dbb1f56b18d176adbc8d753861f2ec"
    }
{
        "timestamp":"2025-08-27T13:28:22+00:00",
        "remote_addr":"192.168.65.1",
        "remote_user":"",
        "request":"GET / HTTP/1.1",
        "status":502,
        "body_bytes_sent":559,
        "http_referer":"",
        "http_user_agent":"Mozilla/5.0 (Macintosh; Intel Mac OS X 10_15_7) AppleWebKit/537.36 (KHTML, like Gecko) Chrome/139.0.0.0 Safari/537.36",
        "http_x_forwarded_for":"",
        "request_time":0.001,
        "upstream_connect_time":"-",
        "upstream_header_time":"-",
        "upstream_response_time":"0.002",
        "upstream_addr":"172.20.0.7:3000",
        "jwt_user_id":"",
        "jwt_school_id":"",
        "request_id":"4d450ce02dd34e0fdab7b1d5d4d4a521"
    }
{
        "timestamp":"2025-08-27T13:28:22+00:00",
        "remote_addr":"192.168.65.1",
        "remote_user":"",
        "request":"GET /favicon.ico HTTP/1.1",
        "status":502,
        "body_bytes_sent":559,
        "http_referer":"http://localhost:8000/",
        "http_user_agent":"Mozilla/5.0 (Macintosh; Intel Mac OS X 10_15_7) AppleWebKit/537.36 (KHTML, like Gecko) Chrome/139.0.0.0 Safari/537.36",
        "http_x_forwarded_for":"",
        "request_time":0.004,
        "upstream_connect_time":"-",
        "upstream_header_time":"-",
        "upstream_response_time":"0.005",
        "upstream_addr":"172.20.0.7:3000",
        "jwt_user_id":"",
        "jwt_school_id":"",
        "request_id":"33e3ed66459c872f7f0fef468b19d234"
    }
{
        "timestamp":"2025-08-27T13:29:18+00:00",
        "remote_addr":"192.168.65.1",
        "remote_user":"",
        "request":"GET / HTTP/1.1",
        "status":502,
        "body_bytes_sent":559,
        "http_referer":"",
        "http_user_agent":"Mozilla/5.0 (Macintosh; Intel Mac OS X 10_15_7) AppleWebKit/537.36 (KHTML, like Gecko) Chrome/139.0.0.0 Safari/537.36",
        "http_x_forwarded_for":"",
        "request_time":0.001,
        "upstream_connect_time":"-",
        "upstream_header_time":"-",
        "upstream_response_time":"0.001",
        "upstream_addr":"172.20.0.7:3000",
        "jwt_user_id":"",
        "jwt_school_id":"",
        "request_id":"2591e185af5abb6f9b49bf8ee3d0a1ca"
    }
{
        "timestamp":"2025-08-27T13:29:18+00:00",
        "remote_addr":"192.168.65.1",
        "remote_user":"",
        "request":"GET /.well-known/appspecific/com.chrome.devtools.json HTTP/1.1",
        "status":502,
        "body_bytes_sent":559,
        "http_referer":"",
        "http_user_agent":"Mozilla/5.0 (Macintosh; Intel Mac OS X 10_15_7) AppleWebKit/537.36 (KHTML, like Gecko) Chrome/139.0.0.0 Safari/537.36",
        "http_x_forwarded_for":"",
        "request_time":0.000,
        "upstream_connect_time":"-",
        "upstream_header_time":"-",
        "upstream_response_time":"0.001",
        "upstream_addr":"172.20.0.7:3000",
        "jwt_user_id":"",
        "jwt_school_id":"",
        "request_id":"c7a0f9b619c77a2ef9f99e959731da2e"
    }
{
        "timestamp":"2025-08-27T13:29:18+00:00",
        "remote_addr":"192.168.65.1",
        "remote_user":"",
        "request":"GET /favicon.ico HTTP/1.1",
        "status":502,
        "body_bytes_sent":559,
        "http_referer":"http://localhost:8000/",
        "http_user_agent":"Mozilla/5.0 (Macintosh; Intel Mac OS X 10_15_7) AppleWebKit/537.36 (KHTML, like Gecko) Chrome/139.0.0.0 Safari/537.36",
        "http_x_forwarded_for":"",
        "request_time":0.001,
        "upstream_connect_time":"-",
        "upstream_header_time":"-",
        "upstream_response_time":"0.001",
        "upstream_addr":"172.20.0.7:3000",
        "jwt_user_id":"",
        "jwt_school_id":"",
        "request_id":"98d8446a24a2b9446c6fd7e55cc9232c"
    }
{
        "timestamp":"2025-08-27T13:30:55+00:00",
        "remote_addr":"192.168.65.1",
        "remote_user":"",
        "request":"GET /?ide_webview_request_time=1756301455681 HTTP/1.1",
        "status":502,
        "body_bytes_sent":559,
        "http_referer":"",
        "http_user_agent":"Mozilla/5.0 (Macintosh; Intel Mac OS X 10_15_7) AppleWebKit/537.36 (KHTML, like Gecko) Trae/1.100.3 Chrome/132.0.6834.210 Electron/34.5.1 Safari/537.36",
        "http_x_forwarded_for":"",
        "request_time":0.002,
        "upstream_connect_time":"-",
        "upstream_header_time":"-",
        "upstream_response_time":"0.001",
        "upstream_addr":"172.20.0.7:3000",
        "jwt_user_id":"",
        "jwt_school_id":"",
        "request_id":"7ea86437099fa493dc54632bdb337e39"
    }
{
        "timestamp":"2025-08-27T13:30:55+00:00",
        "remote_addr":"192.168.65.1",
        "remote_user":"",
        "request":"GET /@vite/client HTTP/1.1",
        "status":502,
        "body_bytes_sent":559,
        "http_referer":"http://localhost:8000/?ide_webview_request_time=1756301455681",
        "http_user_agent":"Mozilla/5.0 (Macintosh; Intel Mac OS X 10_15_7) AppleWebKit/537.36 (KHTML, like Gecko) Trae/1.100.3 Chrome/132.0.6834.210 Electron/34.5.1 Safari/537.36",
        "http_x_forwarded_for":"",
        "request_time":0.001,
        "upstream_connect_time":"-",
        "upstream_header_time":"-",
        "upstream_response_time":"0.000",
        "upstream_addr":"172.20.0.7:3000",
        "jwt_user_id":"",
        "jwt_school_id":"",
        "request_id":"5e9affeba986b49196bc9e74c7acfd2c"
    }
{
        "timestamp":"2025-08-27T13:32:00+00:00",
        "remote_addr":"192.168.65.1",
        "remote_user":"",
        "request":"GET /?ide_webview_request_time=1756301455681 HTTP/1.1",
        "status":502,
        "body_bytes_sent":559,
        "http_referer":"",
        "http_user_agent":"Mozilla/5.0 (Macintosh; Intel Mac OS X 10_15_7) AppleWebKit/537.36 (KHTML, like Gecko) Trae/1.100.3 Chrome/132.0.6834.210 Electron/34.5.1 Safari/537.36",
        "http_x_forwarded_for":"",
        "request_time":0.000,
        "upstream_connect_time":"-",
        "upstream_header_time":"-",
        "upstream_response_time":"0.000",
        "upstream_addr":"172.20.0.7:3000",
        "jwt_user_id":"",
        "jwt_school_id":"",
        "request_id":"792dafb839e7285e7aadd40dea616ff5"
    }
{
        "timestamp":"2025-08-27T13:32:00+00:00",
        "remote_addr":"192.168.65.1",
        "remote_user":"",
        "request":"GET /@vite/client HTTP/1.1",
        "status":502,
        "body_bytes_sent":559,
        "http_referer":"http://localhost:8000/?ide_webview_request_time=1756301455681",
        "http_user_agent":"Mozilla/5.0 (Macintosh; Intel Mac OS X 10_15_7) AppleWebKit/537.36 (KHTML, like Gecko) Trae/1.100.3 Chrome/132.0.6834.210 Electron/34.5.1 Safari/537.36",
        "http_x_forwarded_for":"",
        "request_time":0.000,
        "upstream_connect_time":"-",
        "upstream_header_time":"-",
        "upstream_response_time":"0.000",
        "upstream_addr":"172.20.0.7:3000",
        "jwt_user_id":"",
        "jwt_school_id":"",
        "request_id":"c0fad7ab5c9022e064125f8f097dcdb2"
    }
{
        "timestamp":"2025-08-27T13:32:05+00:00",
        "remote_addr":"192.168.65.1",
        "remote_user":"",
        "request":"GET / HTTP/1.1",
        "status":502,
        "body_bytes_sent":559,
        "http_referer":"",
        "http_user_agent":"Mozilla/5.0 (Macintosh; Intel Mac OS X 10_15_7) AppleWebKit/537.36 (KHTML, like Gecko) Chrome/139.0.0.0 Safari/537.36",
        "http_x_forwarded_for":"",
        "request_time":0.001,
        "upstream_connect_time":"-",
        "upstream_header_time":"-",
        "upstream_response_time":"0.001",
        "upstream_addr":"172.20.0.7:3000",
        "jwt_user_id":"",
        "jwt_school_id":"",
        "request_id":"5fa5c4bf7b221f273fed618eec85767b"
    }
{
        "timestamp":"2025-08-27T13:32:06+00:00",
        "remote_addr":"192.168.65.1",
        "remote_user":"",
        "request":"GET /.well-known/appspecific/com.chrome.devtools.json HTTP/1.1",
        "status":502,
        "body_bytes_sent":559,
        "http_referer":"",
        "http_user_agent":"Mozilla/5.0 (Macintosh; Intel Mac OS X 10_15_7) AppleWebKit/537.36 (KHTML, like Gecko) Chrome/139.0.0.0 Safari/537.36",
        "http_x_forwarded_for":"",
        "request_time":0.001,
        "upstream_connect_time":"-",
        "upstream_header_time":"-",
        "upstream_response_time":"0.000",
        "upstream_addr":"172.20.0.7:3000",
        "jwt_user_id":"",
        "jwt_school_id":"",
        "request_id":"f030c9164c298866f4be6c1f1b2c3841"
    }
{
        "timestamp":"2025-08-27T13:32:06+00:00",
        "remote_addr":"192.168.65.1",
        "remote_user":"",
        "request":"GET /favicon.ico HTTP/1.1",
        "status":502,
        "body_bytes_sent":559,
        "http_referer":"http://localhost:8000/",
        "http_user_agent":"Mozilla/5.0 (Macintosh; Intel Mac OS X 10_15_7) AppleWebKit/537.36 (KHTML, like Gecko) Chrome/139.0.0.0 Safari/537.36",
        "http_x_forwarded_for":"",
        "request_time":0.001,
        "upstream_connect_time":"-",
        "upstream_header_time":"-",
        "upstream_response_time":"0.001",
        "upstream_addr":"172.20.0.7:3000",
        "jwt_user_id":"",
        "jwt_school_id":"",
        "request_id":"2ec98b9bac8ba74e78fb94409e8ff55e"
    }
{
        "timestamp":"2025-08-27T13:32:07+00:00",
        "remote_addr":"192.168.65.1",
        "remote_user":"",
        "request":"GET / HTTP/1.1",
        "status":502,
        "body_bytes_sent":559,
        "http_referer":"",
        "http_user_agent":"Mozilla/5.0 (Macintosh; Intel Mac OS X 10_15_7) AppleWebKit/537.36 (KHTML, like Gecko) Chrome/139.0.0.0 Safari/537.36",
        "http_x_forwarded_for":"",
        "request_time":0.000,
        "upstream_connect_time":"-",
        "upstream_header_time":"-",
        "upstream_response_time":"0.000",
        "upstream_addr":"172.20.0.7:3000",
        "jwt_user_id":"",
        "jwt_school_id":"",
        "request_id":"1f315fe8a9d08432a585d7c77319a479"
    }
{
        "timestamp":"2025-08-27T13:32:07+00:00",
        "remote_addr":"192.168.65.1",
        "remote_user":"",
        "request":"GET /.well-known/appspecific/com.chrome.devtools.json HTTP/1.1",
        "status":502,
        "body_bytes_sent":559,
        "http_referer":"",
        "http_user_agent":"Mozilla/5.0 (Macintosh; Intel Mac OS X 10_15_7) AppleWebKit/537.36 (KHTML, like Gecko) Chrome/139.0.0.0 Safari/537.36",
        "http_x_forwarded_for":"",
        "request_time":0.000,
        "upstream_connect_time":"-",
        "upstream_header_time":"-",
        "upstream_response_time":"0.000",
        "upstream_addr":"172.20.0.7:3000",
        "jwt_user_id":"",
        "jwt_school_id":"",
        "request_id":"e34e22001fa14635cc40a02f5dca4e81"
    }
{
        "timestamp":"2025-08-27T13:32:07+00:00",
        "remote_addr":"192.168.65.1",
        "remote_user":"",
        "request":"GET /favicon.ico HTTP/1.1",
        "status":502,
        "body_bytes_sent":559,
        "http_referer":"http://localhost:8000/",
        "http_user_agent":"Mozilla/5.0 (Macintosh; Intel Mac OS X 10_15_7) AppleWebKit/537.36 (KHTML, like Gecko) Chrome/139.0.0.0 Safari/537.36",
        "http_x_forwarded_for":"",
        "request_time":0.000,
        "upstream_connect_time":"-",
        "upstream_header_time":"-",
        "upstream_response_time":"0.000",
        "upstream_addr":"172.20.0.7:3000",
        "jwt_user_id":"",
        "jwt_school_id":"",
        "request_id":"362df6d124ebe3d663a3a5981cd4757c"
    }
{
        "timestamp":"2025-08-27T13:33:41+00:00",
        "remote_addr":"192.168.65.1",
        "remote_user":"",
        "request":"GET /?ide_webview_request_time=1756301455681 HTTP/1.1",
        "status":502,
        "body_bytes_sent":559,
        "http_referer":"",
        "http_user_agent":"Mozilla/5.0 (Macintosh; Intel Mac OS X 10_15_7) AppleWebKit/537.36 (KHTML, like Gecko) Trae/1.100.3 Chrome/132.0.6834.210 Electron/34.5.1 Safari/537.36",
        "http_x_forwarded_for":"",
        "request_time":0.000,
        "upstream_connect_time":"-",
        "upstream_header_time":"-",
        "upstream_response_time":"0.000",
        "upstream_addr":"172.20.0.7:3000",
        "jwt_user_id":"",
        "jwt_school_id":"",
        "request_id":"0b3a7eb4b8a12b3e3dd6c8553a2f353c"
    }
{
        "timestamp":"2025-08-27T13:33:41+00:00",
        "remote_addr":"192.168.65.1",
        "remote_user":"",
        "request":"GET /@vite/client HTTP/1.1",
        "status":502,
        "body_bytes_sent":559,
        "http_referer":"http://localhost:8000/?ide_webview_request_time=1756301455681",
        "http_user_agent":"Mozilla/5.0 (Macintosh; Intel Mac OS X 10_15_7) AppleWebKit/537.36 (KHTML, like Gecko) Trae/1.100.3 Chrome/132.0.6834.210 Electron/34.5.1 Safari/537.36",
        "http_x_forwarded_for":"",
        "request_time":0.000,
        "upstream_connect_time":"-",
        "upstream_header_time":"-",
        "upstream_response_time":"0.000",
        "upstream_addr":"172.20.0.7:3000",
        "jwt_user_id":"",
        "jwt_school_id":"",
        "request_id":"50fcee8e61d8132ef4873e473687b887"
    }
{
        "timestamp":"2025-08-27T13:33:43+00:00",
        "remote_addr":"192.168.65.1",
        "remote_user":"",
        "request":"GET /?ide_webview_request_time=1756301623625 HTTP/1.1",
        "status":502,
        "body_bytes_sent":559,
        "http_referer":"",
        "http_user_agent":"Mozilla/5.0 (Macintosh; Intel Mac OS X 10_15_7) AppleWebKit/537.36 (KHTML, like Gecko) Trae/1.100.3 Chrome/132.0.6834.210 Electron/34.5.1 Safari/537.36",
        "http_x_forwarded_for":"",
        "request_time":0.000,
        "upstream_connect_time":"-",
        "upstream_header_time":"-",
        "upstream_response_time":"0.000",
        "upstream_addr":"172.20.0.7:3000",
        "jwt_user_id":"",
        "jwt_school_id":"",
        "request_id":"7f103067d5e156e222e236579ff91e0d"
    }
{
        "timestamp":"2025-08-27T13:33:43+00:00",
        "remote_addr":"192.168.65.1",
        "remote_user":"",
        "request":"GET /@vite/client HTTP/1.1",
        "status":502,
        "body_bytes_sent":559,
        "http_referer":"http://localhost:8000/?ide_webview_request_time=1756301623625",
        "http_user_agent":"Mozilla/5.0 (Macintosh; Intel Mac OS X 10_15_7) AppleWebKit/537.36 (KHTML, like Gecko) Trae/1.100.3 Chrome/132.0.6834.210 Electron/34.5.1 Safari/537.36",
        "http_x_forwarded_for":"",
        "request_time":0.000,
        "upstream_connect_time":"-",
        "upstream_header_time":"-",
        "upstream_response_time":"0.000",
        "upstream_addr":"172.20.0.7:3000",
        "jwt_user_id":"",
        "jwt_school_id":"",
        "request_id":"8916eb4114f63444b45ae8f9511c5ca4"
    }
{
        "timestamp":"2025-08-27T13:33:44+00:00",
        "remote_addr":"192.168.65.1",
        "remote_user":"",
        "request":"GET /?ide_webview_request_time=1756301623625 HTTP/1.1",
        "status":502,
        "body_bytes_sent":559,
        "http_referer":"",
        "http_user_agent":"Mozilla/5.0 (Macintosh; Intel Mac OS X 10_15_7) AppleWebKit/537.36 (KHTML, like Gecko) Trae/1.100.3 Chrome/132.0.6834.210 Electron/34.5.1 Safari/537.36",
        "http_x_forwarded_for":"",
        "request_time":0.000,
        "upstream_connect_time":"-",
        "upstream_header_time":"-",
        "upstream_response_time":"0.000",
        "upstream_addr":"172.20.0.7:3000",
        "jwt_user_id":"",
        "jwt_school_id":"",
        "request_id":"7c62cdb205bb6982c39e1327162d2462"
    }
{
        "timestamp":"2025-08-27T13:33:44+00:00",
        "remote_addr":"192.168.65.1",
        "remote_user":"",
        "request":"GET /@vite/client HTTP/1.1",
        "status":502,
        "body_bytes_sent":559,
        "http_referer":"http://localhost:8000/?ide_webview_request_time=1756301623625",
        "http_user_agent":"Mozilla/5.0 (Macintosh; Intel Mac OS X 10_15_7) AppleWebKit/537.36 (KHTML, like Gecko) Trae/1.100.3 Chrome/132.0.6834.210 Electron/34.5.1 Safari/537.36",
        "http_x_forwarded_for":"",
        "request_time":0.000,
        "upstream_connect_time":"-",
        "upstream_header_time":"-",
        "upstream_response_time":"0.000",
        "upstream_addr":"172.20.0.7:3000",
        "jwt_user_id":"",
        "jwt_school_id":"",
        "request_id":"be46fa2ecc012e72d95968783ecd9ead"
    }
{
        "timestamp":"2025-08-27T13:33:57+00:00",
        "remote_addr":"192.168.65.1",
        "remote_user":"",
        "request":"GET / HTTP/1.1",
        "status":502,
        "body_bytes_sent":559,
        "http_referer":"",
        "http_user_agent":"Mozilla/5.0 (Macintosh; Intel Mac OS X 10_15_7) AppleWebKit/537.36 (KHTML, like Gecko) Chrome/139.0.0.0 Safari/537.36",
        "http_x_forwarded_for":"",
        "request_time":0.001,
        "upstream_connect_time":"-",
        "upstream_header_time":"-",
        "upstream_response_time":"0.000",
        "upstream_addr":"172.20.0.7:3000",
        "jwt_user_id":"",
        "jwt_school_id":"",
        "request_id":"9059ca9a65fec31868966a989f5e0f72"
    }
{
        "timestamp":"2025-08-27T13:33:57+00:00",
        "remote_addr":"192.168.65.1",
        "remote_user":"",
        "request":"GET /.well-known/appspecific/com.chrome.devtools.json HTTP/1.1",
        "status":502,
        "body_bytes_sent":559,
        "http_referer":"",
        "http_user_agent":"Mozilla/5.0 (Macintosh; Intel Mac OS X 10_15_7) AppleWebKit/537.36 (KHTML, like Gecko) Chrome/139.0.0.0 Safari/537.36",
        "http_x_forwarded_for":"",
        "request_time":0.001,
        "upstream_connect_time":"-",
        "upstream_header_time":"-",
        "upstream_response_time":"0.001",
        "upstream_addr":"172.20.0.7:3000",
        "jwt_user_id":"",
        "jwt_school_id":"",
        "request_id":"9b2ec394a39381b93065359962279873"
    }
{
        "timestamp":"2025-08-27T13:33:57+00:00",
        "remote_addr":"192.168.65.1",
        "remote_user":"",
        "request":"GET /favicon.ico HTTP/1.1",
        "status":502,
        "body_bytes_sent":559,
        "http_referer":"http://localhost:8000/",
        "http_user_agent":"Mozilla/5.0 (Macintosh; Intel Mac OS X 10_15_7) AppleWebKit/537.36 (KHTML, like Gecko) Chrome/139.0.0.0 Safari/537.36",
        "http_x_forwarded_for":"",
        "request_time":0.000,
        "upstream_connect_time":"-",
        "upstream_header_time":"-",
        "upstream_response_time":"0.001",
        "upstream_addr":"172.20.0.7:3000",
        "jwt_user_id":"",
        "jwt_school_id":"",
        "request_id":"21554c5dc6c42bab73857210222e86a6"
    }
{
        "timestamp":"2025-08-27T13:33:58+00:00",
        "remote_addr":"192.168.65.1",
        "remote_user":"",
        "request":"GET / HTTP/1.1",
        "status":502,
        "body_bytes_sent":559,
        "http_referer":"",
        "http_user_agent":"Mozilla/5.0 (Macintosh; Intel Mac OS X 10_15_7) AppleWebKit/537.36 (KHTML, like Gecko) Chrome/139.0.0.0 Safari/537.36",
        "http_x_forwarded_for":"",
        "request_time":0.000,
        "upstream_connect_time":"-",
        "upstream_header_time":"-",
        "upstream_response_time":"0.000",
        "upstream_addr":"172.20.0.7:3000",
        "jwt_user_id":"",
        "jwt_school_id":"",
        "request_id":"f81b6a6122adf02b00138db2cb3258b9"
    }
{
        "timestamp":"2025-08-27T13:33:58+00:00",
        "remote_addr":"192.168.65.1",
        "remote_user":"",
        "request":"GET /.well-known/appspecific/com.chrome.devtools.json HTTP/1.1",
        "status":502,
        "body_bytes_sent":559,
        "http_referer":"",
        "http_user_agent":"Mozilla/5.0 (Macintosh; Intel Mac OS X 10_15_7) AppleWebKit/537.36 (KHTML, like Gecko) Chrome/139.0.0.0 Safari/537.36",
        "http_x_forwarded_for":"",
        "request_time":0.000,
        "upstream_connect_time":"-",
        "upstream_header_time":"-",
        "upstream_response_time":"0.000",
        "upstream_addr":"172.20.0.7:3000",
        "jwt_user_id":"",
        "jwt_school_id":"",
        "request_id":"6ff62d7541853d80ebe08fe12aedbc3e"
    }
{
        "timestamp":"2025-08-27T13:33:58+00:00",
        "remote_addr":"192.168.65.1",
        "remote_user":"",
        "request":"GET /favicon.ico HTTP/1.1",
        "status":502,
        "body_bytes_sent":559,
        "http_referer":"http://localhost:8000/",
        "http_user_agent":"Mozilla/5.0 (Macintosh; Intel Mac OS X 10_15_7) AppleWebKit/537.36 (KHTML, like Gecko) Chrome/139.0.0.0 Safari/537.36",
        "http_x_forwarded_for":"",
        "request_time":0.000,
        "upstream_connect_time":"-",
        "upstream_header_time":"-",
        "upstream_response_time":"0.000",
        "upstream_addr":"172.20.0.7:3000",
        "jwt_user_id":"",
        "jwt_school_id":"",
        "request_id":"533bd492d18ce6d1cac9e3d50e971e8c"
    }
{
        "timestamp":"2025-08-27T13:37:25+00:00",
        "remote_addr":"192.168.65.1",
        "remote_user":"",
        "request":"GET / HTTP/1.1",
        "status":502,
        "body_bytes_sent":559,
        "http_referer":"",
        "http_user_agent":"Mozilla/5.0 (Macintosh; Intel Mac OS X 10_15_7) AppleWebKit/537.36 (KHTML, like Gecko) Chrome/139.0.0.0 Safari/537.36",
        "http_x_forwarded_for":"",
        "request_time":0.008,
        "upstream_connect_time":"-",
        "upstream_header_time":"-",
        "upstream_response_time":"0.008",
        "upstream_addr":"172.20.0.7:3000",
        "jwt_user_id":"",
        "jwt_school_id":"",
        "request_id":"1a46245a3df6ee20510a2f205fb0dd97"
    }
{
        "timestamp":"2025-08-27T13:37:26+00:00",
        "remote_addr":"192.168.65.1",
        "remote_user":"",
        "request":"GET /.well-known/appspecific/com.chrome.devtools.json HTTP/1.1",
        "status":502,
        "body_bytes_sent":559,
        "http_referer":"",
        "http_user_agent":"Mozilla/5.0 (Macintosh; Intel Mac OS X 10_15_7) AppleWebKit/537.36 (KHTML, like Gecko) Chrome/139.0.0.0 Safari/537.36",
        "http_x_forwarded_for":"",
        "request_time":0.003,
        "upstream_connect_time":"-",
        "upstream_header_time":"-",
        "upstream_response_time":"0.003",
        "upstream_addr":"172.20.0.7:3000",
        "jwt_user_id":"",
        "jwt_school_id":"",
        "request_id":"40b8a59e64a6336d74757a5f680a4967"
    }
{
        "timestamp":"2025-08-27T13:37:26+00:00",
        "remote_addr":"192.168.65.1",
        "remote_user":"",
        "request":"GET /favicon.ico HTTP/1.1",
        "status":502,
        "body_bytes_sent":559,
        "http_referer":"http://localhost:8000/",
        "http_user_agent":"Mozilla/5.0 (Macintosh; Intel Mac OS X 10_15_7) AppleWebKit/537.36 (KHTML, like Gecko) Chrome/139.0.0.0 Safari/537.36",
        "http_x_forwarded_for":"",
        "request_time":0.001,
        "upstream_connect_time":"-",
        "upstream_header_time":"-",
        "upstream_response_time":"0.001",
        "upstream_addr":"172.20.0.7:3000",
        "jwt_user_id":"",
        "jwt_school_id":"",
        "request_id":"12e124698ad68e3ffd1d2069917cdb2a"
    }
{
        "timestamp":"2025-08-27T13:39:48+00:00",
        "remote_addr":"192.168.65.1",
        "remote_user":"",
        "request":"GET /?ide_webview_request_time=1756301988571 HTTP/1.1",
        "status":200,
        "body_bytes_sent":957,
        "http_referer":"",
        "http_user_agent":"Mozilla/5.0 (Macintosh; Intel Mac OS X 10_15_7) AppleWebKit/537.36 (KHTML, like Gecko) Trae/1.100.3 Chrome/132.0.6834.210 Electron/34.5.1 Safari/537.36",
        "http_x_forwarded_for":"",
        "request_time":0.002,
        "upstream_connect_time":"0.001",
        "upstream_header_time":"0.002",
        "upstream_response_time":"0.002",
        "upstream_addr":"172.20.0.7:80",
        "jwt_user_id":"",
        "jwt_school_id":"",
        "request_id":"0a910a034edfc9a713a8eacc79ec2ea5"
    }
{
        "timestamp":"2025-08-27T13:39:48+00:00",
        "remote_addr":"192.168.65.1",
        "remote_user":"",
        "request":"GET /static/css/main.f855e6bc.css HTTP/1.1",
        "status":200,
        "body_bytes_sent":779,
        "http_referer":"http://localhost:8000/?ide_webview_request_time=1756301988571",
        "http_user_agent":"Mozilla/5.0 (Macintosh; Intel Mac OS X 10_15_7) AppleWebKit/537.36 (KHTML, like Gecko) Trae/1.100.3 Chrome/132.0.6834.210 Electron/34.5.1 Safari/537.36",
        "http_x_forwarded_for":"",
        "request_time":0.004,
        "upstream_connect_time":"0.001",
        "upstream_header_time":"0.004",
        "upstream_response_time":"0.004",
        "upstream_addr":"172.20.0.7:80",
        "jwt_user_id":"",
        "jwt_school_id":"",
        "request_id":"8d8a81543b0aaf0f699e1db693ad14d0"
    }
{
        "timestamp":"2025-08-27T13:39:48+00:00",
        "remote_addr":"192.168.65.1",
        "remote_user":"",
        "request":"GET /static/js/main.568b7e85.js HTTP/1.1",
        "status":200,
        "body_bytes_sent":70578,
        "http_referer":"http://localhost:8000/?ide_webview_request_time=1756301988571",
        "http_user_agent":"Mozilla/5.0 (Macintosh; Intel Mac OS X 10_15_7) AppleWebKit/537.36 (KHTML, like Gecko) Trae/1.100.3 Chrome/132.0.6834.210 Electron/34.5.1 Safari/537.36",
        "http_x_forwarded_for":"",
        "request_time":0.019,
        "upstream_connect_time":"0.000",
        "upstream_header_time":"0.012",
        "upstream_response_time":"0.018",
        "upstream_addr":"172.20.0.7:80",
        "jwt_user_id":"",
        "jwt_school_id":"",
        "request_id":"4719b888562cdac1385c5bc8997fb840"
    }
{
        "timestamp":"2025-08-27T13:39:48+00:00",
        "remote_addr":"192.168.65.1",
        "remote_user":"",
        "request":"GET /service-worker.js HTTP/1.1",
        "status":404,
        "body_bytes_sent":555,
        "http_referer":"http://localhost:8000/?ide_webview_request_time=1756301988571",
        "http_user_agent":"Mozilla/5.0 (Macintosh; Intel Mac OS X 10_15_7) AppleWebKit/537.36 (KHTML, like Gecko) Trae/1.100.3 Chrome/132.0.6834.210 Electron/34.5.1 Safari/537.36",
        "http_x_forwarded_for":"",
        "request_time":0.009,
        "upstream_connect_time":"0.000",
        "upstream_header_time":"0.009",
        "upstream_response_time":"0.009",
        "upstream_addr":"172.20.0.7:80",
        "jwt_user_id":"",
        "jwt_school_id":"",
        "request_id":"5bd8d168aad8c04636b7f129fb15cc97"
    }
{
        "timestamp":"2025-08-27T13:39:48+00:00",
        "remote_addr":"192.168.65.1",
        "remote_user":"",
        "request":"GET /static/media/logo.6ce24c58023cc2f8fd88fe9d219db6c6.svg HTTP/1.1",
        "status":200,
        "body_bytes_sent":1306,
        "http_referer":"http://localhost:8000/?ide_webview_request_time=1756301988571",
        "http_user_agent":"Mozilla/5.0 (Macintosh; Intel Mac OS X 10_15_7) AppleWebKit/537.36 (KHTML, like Gecko) Trae/1.100.3 Chrome/132.0.6834.210 Electron/34.5.1 Safari/537.36",
        "http_x_forwarded_for":"",
        "request_time":0.006,
        "upstream_connect_time":"0.001",
        "upstream_header_time":"0.006",
        "upstream_response_time":"0.006",
        "upstream_addr":"172.20.0.7:80",
        "jwt_user_id":"",
        "jwt_school_id":"",
        "request_id":"ed32c6bef4b895bf8b81755079bbb226"
    }
{
        "timestamp":"2025-08-27T13:39:48+00:00",
        "remote_addr":"192.168.65.1",
        "remote_user":"",
        "request":"GET /@vite/client HTTP/1.1",
        "status":200,
        "body_bytes_sent":957,
        "http_referer":"http://localhost:8000/?ide_webview_request_time=1756301988571",
        "http_user_agent":"Mozilla/5.0 (Macintosh; Intel Mac OS X 10_15_7) AppleWebKit/537.36 (KHTML, like Gecko) Trae/1.100.3 Chrome/132.0.6834.210 Electron/34.5.1 Safari/537.36",
        "http_x_forwarded_for":"",
        "request_time":0.001,
        "upstream_connect_time":"0.000",
        "upstream_header_time":"0.001",
        "upstream_response_time":"0.001",
        "upstream_addr":"172.20.0.7:80",
        "jwt_user_id":"",
        "jwt_school_id":"",
        "request_id":"645884cbb16d35b363d089b1497084bb"
    }
